<?xml version="1.0" encoding="UTF-8"?>
<coverage generated="1581768576">
  <project timestamp="1581768576">
    <package name="KodeKeep\Addresses">
      <file name="/Users/brian/Code/kodekeep/laravel-postal-addresses/src/AddressesServiceProvider.php">
        <class name="KodeKeep\Addresses\AddressesServiceProvider" namespace="KodeKeep\Addresses">
          <metrics complexity="2" methods="1" coveredmethods="0" conditionals="0" coveredconditionals="0" statements="6" coveredstatements="0" elements="7" coveredelements="0"/>
        </class>
        <line num="20" type="method" name="boot" visibility="public" complexity="2" crap="6" count="0"/>
        <line num="22" type="stmt" count="0"/>
        <line num="23" type="stmt" count="0"/>
        <line num="25" type="stmt" count="0"/>
        <line num="26" type="stmt" count="0"/>
        <line num="27" type="stmt" count="0"/>
        <line num="29" type="stmt" count="0"/>
        <metrics loc="30" ncloc="22" classes="1" methods="1" coveredmethods="0" conditionals="0" coveredconditionals="0" statements="6" coveredstatements="0" elements="7" coveredelements="0"/>
      </file>
    </package>
    <package name="KodeKeep\Addresses\Concerns">
      <file name="/Users/brian/Code/kodekeep/laravel-postal-addresses/src/Concerns/HasAddresses.php">
        <class name="HasAddresses" namespace="KodeKeep\Addresses\Concerns">
          <metrics complexity="1" methods="1" coveredmethods="0" conditionals="0" coveredconditionals="0" statements="1" coveredstatements="0" elements="2" coveredelements="0"/>
        </class>
        <line num="21" type="method" name="addresses" visibility="public" complexity="1" crap="2" count="0"/>
        <line num="23" type="stmt" count="0"/>
        <metrics loc="25" ncloc="17" classes="1" methods="1" coveredmethods="0" conditionals="0" coveredconditionals="0" statements="1" coveredstatements="0" elements="2" coveredelements="0"/>
      </file>
    </package>
    <package name="KodeKeep\Addresses\Models">
      <file name="/Users/brian/Code/kodekeep/laravel-postal-addresses/src/Models/Address.php">
        <class name="KodeKeep\Addresses\Models\Address" namespace="KodeKeep\Addresses\Models">
          <metrics complexity="1" methods="1" coveredmethods="1" conditionals="0" coveredconditionals="0" statements="1" coveredstatements="1" elements="2" coveredelements="2"/>
        </class>
        <line num="32" type="method" name="addressable" visibility="public" complexity="1" crap="1" count="1"/>
        <line num="34" type="stmt" count="1"/>
        <metrics loc="36" ncloc="28" classes="1" methods="1" coveredmethods="1" conditionals="0" coveredconditionals="0" statements="1" coveredstatements="1" elements="2" coveredelements="2"/>
      </file>
    </package>
    <metrics files="3" loc="91" ncloc="67" classes="3" methods="3" coveredmethods="1" conditionals="0" coveredconditionals="0" statements="8" coveredstatements="1" elements="11" coveredelements="2"/>
  </project>
</coverage>
