<?xml version="1.0" encoding="UTF-8"?>
<coverage generated="1581769119">
  <project timestamp="1581769119">
    <package name="KodeKeep\Addresses\Concerns">
      <file name="/Users/brian/Code/kodekeep/laravel-postal-addresses/src/Concerns/HasAddresses.php">
        <class name="HasAddresses" namespace="KodeKeep\Addresses\Concerns">
          <metrics complexity="1" methods="1" coveredmethods="1" conditionals="0" coveredconditionals="0" statements="1" coveredstatements="1" elements="2" coveredelements="2"/>
        </class>
        <line num="21" type="method" name="addresses" visibility="public" complexity="1" crap="1" count="1"/>
        <line num="23" type="stmt" count="1"/>
        <metrics loc="25" ncloc="17" classes="1" methods="1" coveredmethods="1" conditionals="0" coveredconditionals="0" statements="1" coveredstatements="1" elements="2" coveredelements="2"/>
      </file>
    </package>
    <package name="KodeKeep\Addresses\Models">
      <file name="/Users/brian/Code/kodekeep/laravel-postal-addresses/src/Models/Address.php">
        <class name="KodeKeep\Addresses\Models\Address" namespace="KodeKeep\Addresses\Models">
          <metrics complexity="1" methods="1" coveredmethods="1" conditionals="0" coveredconditionals="0" statements="1" coveredstatements="1" elements="2" coveredelements="2"/>
        </class>
        <line num="32" type="method" name="addressable" visibility="public" complexity="1" crap="1" count="1"/>
        <line num="34" type="stmt" count="1"/>
        <metrics loc="36" ncloc="28" classes="1" methods="1" coveredmethods="1" conditionals="0" coveredconditionals="0" statements="1" coveredstatements="1" elements="2" coveredelements="2"/>
      </file>
    </package>
    <metrics files="2" loc="61" ncloc="45" classes="2" methods="2" coveredmethods="2" conditionals="0" coveredconditionals="0" statements="2" coveredstatements="2" elements="4" coveredelements="4"/>
  </project>
</coverage>
